This is pdfTeX, Version 3.14159265-2.6-1.40.19 (MiKTeX 2.9.6840 64-bit) (preloaded format=pdflatex 2018.10.27)  20 NOV 2018 23:10
entering extended mode
**./rapport.tex
(rapport.tex
LaTeX2e <2018-04-01> patch level 5
("C:\Users\tiffa\AppData\Local\Programs\MiKTeX 2.9\tex\latex\base\article.cls"
Document Class: article 2014/09/29 v1.4h Standard LaTeX document class
("C:\Users\tiffa\AppData\Local\Programs\MiKTeX 2.9\tex\latex\base\size12.clo"
File: size12.clo 2014/09/29 v1.4h Standard LaTeX file (size option)
)
\c@part=\count80
\c@section=\count81
\c@subsection=\count82
\c@subsubsection=\count83
\c@paragraph=\count84
\c@subparagraph=\count85
\c@figure=\count86
\c@table=\count87
\abovecaptionskip=\skip41
\belowcaptionskip=\skip42
\bibindent=\dimen102
) ("C:\Users\tiffa\AppData\Local\Programs\MiKTeX 2.9\tex\latex\base\inputenc.st
y"
Package: inputenc 2018/04/06 v1.3b Input encoding file
\inpenc@prehook=\toks14
\inpenc@posthook=\toks15
)
("C:\Users\tiffa\AppData\Local\Programs\MiKTeX 2.9\tex\latex\geometry\geometry.
sty"
Package: geometry 2018/04/16 v5.8 Page Geometry

("C:\Users\tiffa\AppData\Local\Programs\MiKTeX 2.9\tex\latex\graphics\keyval.st
y"
Package: keyval 2014/10/28 v1.15 key=value parser (DPC)
\KV@toks@=\toks16
)
("C:\Users\tiffa\AppData\Local\Programs\MiKTeX 2.9\tex\generic\oberdiek\ifpdf.s
ty"
Package: ifpdf 2018/09/07 v3.3 Provides the ifpdf switch
)
("C:\Users\tiffa\AppData\Local\Programs\MiKTeX 2.9\tex\generic\oberdiek\ifvtex.
sty"
Package: ifvtex 2016/05/16 v1.6 Detect VTeX and its facilities (HO)
Package ifvtex Info: VTeX not detected.
)
("C:\Users\tiffa\AppData\Local\Programs\MiKTeX 2.9\tex\generic\ifxetex\ifxetex.
sty"
Package: ifxetex 2010/09/12 v0.6 Provides ifxetex conditional
)
\Gm@cnth=\count88
\Gm@cntv=\count89
\c@Gm@tempcnt=\count90
\Gm@bindingoffset=\dimen103
\Gm@wd@mp=\dimen104
\Gm@odd@mp=\dimen105
\Gm@even@mp=\dimen106
\Gm@layoutwidth=\dimen107
\Gm@layoutheight=\dimen108
\Gm@layouthoffset=\dimen109
\Gm@layoutvoffset=\dimen110
\Gm@dimlist=\toks17

("C:\Users\tiffa\AppData\Local\Programs\MiKTeX 2.9\tex\latex\geometry\geometry.
cfg"))
("C:\Users\tiffa\AppData\Local\Programs\MiKTeX 2.9\tex\latex\graphics\graphics.
sty"
Package: graphics 2017/06/25 v1.2c Standard LaTeX Graphics (DPC,SPQR)

("C:\Users\tiffa\AppData\Local\Programs\MiKTeX 2.9\tex\latex\graphics\trig.sty"
Package: trig 2016/01/03 v1.10 sin cos tan (DPC)
)
("C:\Users\tiffa\AppData\Local\Programs\MiKTeX 2.9\tex\latex\graphics-cfg\graph
ics.cfg"
File: graphics.cfg 2016/06/04 v1.11 sample graphics configuration
)
Package graphics Info: Driver file: pdftex.def on input line 99.

("C:\Users\tiffa\AppData\Local\Programs\MiKTeX 2.9\tex\latex\graphics-def\pdfte
x.def"
File: pdftex.def 2018/01/08 v1.0l Graphics/color driver for pdftex
))
("C:\Users\tiffa\AppData\Local\Programs\MiKTeX 2.9\tex\latex\base\fontenc.sty"
Package: fontenc 2017/04/05 v2.0i Standard LaTeX package

("C:\Users\tiffa\AppData\Local\Programs\MiKTeX 2.9\tex\latex\base\t1enc.def"
File: t1enc.def 2017/04/05 v2.0i Standard LaTeX file
LaTeX Font Info:    Redeclaring font encoding T1 on input line 48.
))
("C:\Users\tiffa\AppData\Local\Programs\MiKTeX 2.9\tex\generic\babel\babel.sty"
Package: babel 2018/09/26 3.24 The Babel package
("C:\Users\tiffa\AppData\Local\Programs\MiKTeX 2.9\tex\generic\babel\switch.def
"
File: switch.def 2018/09/26 3.24 Babel switching mechanism
)
*************************************
* Local config file bblopts.cfg used
*
(C:\Users\tiffa\AppData\Roaming\MiKTeX\2.9\tex\latex\arabi\bblopts.cfg
File: bblopts.cfg 2005/09/08 v0.1 add Arabic and Farsi to "declared" options of
 babel
)
("C:\Users\tiffa\AppData\Local\Programs\MiKTeX 2.9\tex\generic\babel-french\fre
nch.ldf"
Language: french 2018/09/14 v3.5c French support from the babel system

("C:\Users\tiffa\AppData\Local\Programs\MiKTeX 2.9\tex\generic\babel\babel.def"
File: babel.def 2018/09/26 3.24 Babel common definitions
\babel@savecnt=\count91
\U@D=\dimen111

("C:\Users\tiffa\AppData\Local\Programs\MiKTeX 2.9\tex\generic\babel\txtbabel.d
ef")
\bbl@dirlevel=\count92
)
\l@acadian = a dialect from \language\l@french 
\FB@nonchar=\count93
Package babel Info: Making : an active character on input line 414.
Package babel Info: Making ; an active character on input line 415.
Package babel Info: Making ! an active character on input line 416.
Package babel Info: Making ? an active character on input line 417.
\FBguill@level=\count94
\FBold@everypar=\toks18
\FB@Mht=\dimen112
\mc@charclass=\count95
\mc@charfam=\count96
\mc@charslot=\count97
\std@mcc=\count98
\dec@mcc=\count99
\c@FBcaption@count=\count100
\listindentFB=\dimen113
\descindentFB=\dimen114
\labelindentFB=\dimen115
\labelwidthFB=\dimen116
\leftmarginFB=\dimen117
\parindentFFN=\dimen118
\FBfnindent=\dimen119
))
("C:\Users\tiffa\AppData\Local\Programs\MiKTeX 2.9\tex\latex\carlisle\scalefnt.
sty")
("C:\Users\tiffa\AppData\Local\Programs\MiKTeX 2.9\tex\latex\amsmath\amsmath.st
y"
Package: amsmath 2017/09/02 v2.17a AMS math features
\@mathmargin=\skip43

For additional information on amsmath, use the `?' option.

("C:\Users\tiffa\AppData\Local\Programs\MiKTeX 2.9\tex\latex\amsmath\amstext.st
y"
Package: amstext 2000/06/29 v2.01 AMS text

("C:\Users\tiffa\AppData\Local\Programs\MiKTeX 2.9\tex\latex\amsmath\amsgen.sty
"
File: amsgen.sty 1999/11/30 v2.0 generic functions
\@emptytoks=\toks19
\ex@=\dimen120
))
("C:\Users\tiffa\AppData\Local\Programs\MiKTeX 2.9\tex\latex\amsmath\amsbsy.sty
"
Package: amsbsy 1999/11/29 v1.2d Bold Symbols
\pmbraise@=\dimen121
)
("C:\Users\tiffa\AppData\Local\Programs\MiKTeX 2.9\tex\latex\amsmath\amsopn.sty
"
Package: amsopn 2016/03/08 v2.02 operator names
)
\inf@bad=\count101
LaTeX Info: Redefining \frac on input line 213.
\uproot@=\count102
\leftroot@=\count103
LaTeX Info: Redefining \overline on input line 375.
\classnum@=\count104
\DOTSCASE@=\count105
LaTeX Info: Redefining \ldots on input line 472.
LaTeX Info: Redefining \dots on input line 475.
LaTeX Info: Redefining \cdots on input line 596.
\Mathstrutbox@=\box26
\strutbox@=\box27
\big@size=\dimen122
LaTeX Font Info:    Redeclaring font encoding OML on input line 712.
LaTeX Font Info:    Redeclaring font encoding OMS on input line 713.
\macc@depth=\count106
\c@MaxMatrixCols=\count107
\dotsspace@=\muskip10
\c@parentequation=\count108
\dspbrk@lvl=\count109
\tag@help=\toks20
\row@=\count110
\column@=\count111
\maxfields@=\count112
\andhelp@=\toks21
\eqnshift@=\dimen123
\alignsep@=\dimen124
\tagshift@=\dimen125
\tagwidth@=\dimen126
\totwidth@=\dimen127
\lineht@=\dimen128
\@envbody=\toks22
\multlinegap=\skip44
\multlinetaggap=\skip45
\mathdisplay@stack=\toks23
LaTeX Info: Redefining \[ on input line 2817.
LaTeX Info: Redefining \] on input line 2818.
)
("C:\Users\tiffa\AppData\Local\Programs\MiKTeX 2.9\tex\latex\amsfonts\amssymb.s
ty"
Package: amssymb 2013/01/14 v3.01 AMS font symbols

("C:\Users\tiffa\AppData\Local\Programs\MiKTeX 2.9\tex\latex\amsfonts\amsfonts.
sty"
Package: amsfonts 2013/01/14 v3.01 Basic AMSFonts support
\symAMSa=\mathgroup4
\symAMSb=\mathgroup5
LaTeX Font Info:    Overwriting math alphabet `\mathfrak' in version `bold'
(Font)                  U/euf/m/n --> U/euf/b/n on input line 106.
))
("C:\Users\tiffa\AppData\Local\Programs\MiKTeX 2.9\tex\latex\jknappen\mathrsfs.
sty"
Package: mathrsfs 1996/01/01 Math RSFS package v1.0 (jk)
\symrsfs=\mathgroup6
)
("C:\Users\tiffa\AppData\Local\Programs\MiKTeX 2.9\tex\latex\graphics\graphicx.
sty"
Package: graphicx 2017/06/01 v1.1a Enhanced LaTeX Graphics (DPC,SPQR)
\Gin@req@height=\dimen129
\Gin@req@width=\dimen130
) (C:\Users\tiffa\AppData\Roaming\MiKTeX\2.9\tex\latex\caption\caption.sty
Package: caption 2018/10/06 v3.3-154 Customizing captions (AR)

(C:\Users\tiffa\AppData\Roaming\MiKTeX\2.9\tex\latex\caption\caption3.sty
Package: caption3 2018/09/12 v1.8c caption3 kernel (AR)
Package caption3 Info: TeX engine: e-TeX on input line 64.
\captionmargin=\dimen131
\captionmargin@=\dimen132
\captionwidth=\dimen133
\caption@tempdima=\dimen134
\caption@indent=\dimen135
\caption@parindent=\dimen136
\caption@hangindent=\dimen137
)
\c@caption@flags=\count113
\c@ContinuedFloat=\count114
)
("C:\Users\tiffa\AppData\Local\Programs\MiKTeX 2.9\tex\latex\float\float.sty"
Package: float 2001/11/08 v1.3d Float enhancements (AL)
\c@float@type=\count115
\float@exts=\toks24
\float@box=\box28
\@float@everytoks=\toks25
\@floatcapt=\box29
)
(C:\Users\tiffa\AppData\Roaming\MiKTeX\2.9\tex\latex\enumitem\enumitem.sty
Package: enumitem 2011/09/28 v3.5.2 Customized lists
\labelindent=\skip46
\enit@outerparindent=\dimen138
\enit@toks=\toks26
\enit@inbox=\box30
\enitdp@description=\count116
)
("C:\Users\tiffa\AppData\Local\Programs\MiKTeX 2.9\tex\latex\psnfss\pifont.sty"
Package: pifont 2005/04/12 PSNFSS-v9.2a Pi font support (SPQR) 
LaTeX Font Info:    Try loading font information for U+pzd on input line 63.
("C:\Users\tiffa\AppData\Local\Programs\MiKTeX 2.9\tex\latex\psnfss\upzd.fd"
File: upzd.fd 2001/06/04 font definitions for U/pzd.
)
LaTeX Font Info:    Try loading font information for U+psy on input line 64.

("C:\Users\tiffa\AppData\Local\Programs\MiKTeX 2.9\tex\latex\psnfss\upsy.fd"
File: upsy.fd 2001/06/04 font definitions for U/psy.
))
("C:\Users\tiffa\AppData\Local\Programs\MiKTeX 2.9\tex\latex\tools\array.sty"
Package: array 2018/04/30 v2.4h Tabular extension package (FMi)
\col@sep=\dimen139
\ar@mcellbox=\box31
\extrarowheight=\dimen140
\NC@list=\toks27
\extratabsurround=\skip47
\backup@length=\skip48
\ar@cellbox=\box32
)
("C:\Users\tiffa\AppData\Local\Programs\MiKTeX 2.9\tex\latex\xcolor\xcolor.sty"
Package: xcolor 2016/05/11 v2.12 LaTeX color extensions (UK)

("C:\Users\tiffa\AppData\Local\Programs\MiKTeX 2.9\tex\latex\graphics-cfg\color
.cfg"
File: color.cfg 2016/01/02 v1.6 sample color configuration
)
Package xcolor Info: Driver file: pdftex.def on input line 225.
Package xcolor Info: Model `cmy' substituted by `cmy0' on input line 1348.
Package xcolor Info: Model `hsb' substituted by `rgb' on input line 1352.
Package xcolor Info: Model `RGB' extended on input line 1364.
Package xcolor Info: Model `HTML' substituted by `rgb' on input line 1366.
Package xcolor Info: Model `Hsb' substituted by `hsb' on input line 1367.
Package xcolor Info: Model `tHsb' substituted by `hsb' on input line 1368.
Package xcolor Info: Model `HSB' substituted by `hsb' on input line 1369.
Package xcolor Info: Model `Gray' substituted by `gray' on input line 1370.
Package xcolor Info: Model `wave' substituted by `hsb' on input line 1371.

("C:\Users\tiffa\AppData\Local\Programs\MiKTeX 2.9\tex\latex\graphics\dvipsnam.
def"
File: dvipsnam.def 2016/06/17 v3.0m Driver-dependent file (DPC,SPQR)
)) (rapport.aux

LaTeX Warning: Label `1D' multiply defined.


LaTeX Warning: Label `1D' multiply defined.


LaTeX Warning: Label `1D' multiply defined.


LaTeX Warning: Label `1D' multiply defined.


LaTeX Warning: Label `1D' multiply defined.


LaTeX Warning: Label `1D' multiply defined.


LaTeX Warning: Label `1D' multiply defined.


LaTeX Warning: Label `1D' multiply defined.


LaTeX Warning: Label `1D' multiply defined.


LaTeX Warning: Label `1D' multiply defined.


LaTeX Warning: Label `1D' multiply defined.


LaTeX Warning: Label `1D' multiply defined.


LaTeX Warning: Label `1D' multiply defined.


LaTeX Warning: Label `1D' multiply defined.


LaTeX Warning: Label `1D' multiply defined.


LaTeX Warning: Label `1D' multiply defined.


LaTeX Warning: Label `1D' multiply defined.


LaTeX Warning: Label `1D' multiply defined.


LaTeX Warning: Label `1D' multiply defined.


LaTeX Warning: Label `1D' multiply defined.


LaTeX Warning: Label `1D' multiply defined.


LaTeX Warning: Label `1D' multiply defined.


LaTeX Warning: Label `1D' multiply defined.


LaTeX Warning: Label `1D' multiply defined.

)
\openout1 = `rapport.aux'.

LaTeX Font Info:    Checking defaults for OML/cmm/m/it on input line 22.
LaTeX Font Info:    ... okay on input line 22.
LaTeX Font Info:    Checking defaults for T1/cmr/m/n on input line 22.
LaTeX Font Info:    ... okay on input line 22.
LaTeX Font Info:    Checking defaults for OT1/cmr/m/n on input line 22.
LaTeX Font Info:    ... okay on input line 22.
LaTeX Font Info:    Checking defaults for OMS/cmsy/m/n on input line 22.
LaTeX Font Info:    ... okay on input line 22.
LaTeX Font Info:    Checking defaults for OMX/cmex/m/n on input line 22.
LaTeX Font Info:    ... okay on input line 22.
LaTeX Font Info:    Checking defaults for U/cmr/m/n on input line 22.
LaTeX Font Info:    ... okay on input line 22.

*geometry* driver: auto-detecting
*geometry* detected driver: pdftex
*geometry* verbose mode - [ preamble ] result:
* driver: pdftex
* paper: <default>
* layout: <same size as paper>
* layoutoffset:(h,v)=(0.0pt,0.0pt)
* modes: 
* h-part:(L,W,R)=(56.9055pt, 500.484pt, 56.9055pt)
* v-part:(T,H,B)=(56.9055pt, 681.15898pt, 56.9055pt)
* \paperwidth=614.295pt
* \paperheight=794.96999pt
* \textwidth=500.484pt
* \textheight=681.15898pt
* \oddsidemargin=-15.36449pt
* \evensidemargin=-15.36449pt
* \topmargin=-52.36449pt
* \headheight=12.0pt
* \headsep=25.0pt
* \topskip=12.0pt
* \footskip=30.0pt
* \marginparwidth=44.0pt
* \marginparsep=10.0pt
* \columnsep=10.0pt
* \skip\footins=10.8pt plus 4.0pt minus 2.0pt
* \hoffset=0.0pt
* \voffset=0.0pt
* \mag=1000
* \@twocolumnfalse
* \@twosidefalse
* \@mparswitchfalse
* \@reversemarginfalse
* (1in=72.27pt=25.4mm, 1cm=28.453pt)

(C:\Users\tiffa\AppData\Roaming\MiKTeX\2.9\tex\context\base\supp-pdf.mkii
[Loading MPS to PDF converter (version 2006.09.02).]
\scratchcounter=\count117
\scratchdimen=\dimen141
\scratchbox=\box33
\nofMPsegments=\count118
\nofMParguments=\count119
\everyMPshowfont=\toks28
\MPscratchCnt=\count120
\MPscratchDim=\dimen142
\MPnumerator=\count121
\makeMPintoPDFobject=\count122
\everyMPtoPDFconversion=\toks29
)
("C:\Users\tiffa\AppData\Local\Programs\MiKTeX 2.9\tex\latex\oberdiek\epstopdf-
base.sty"
Package: epstopdf-base 2016/05/15 v2.6 Base part for package epstopdf

("C:\Users\tiffa\AppData\Local\Programs\MiKTeX 2.9\tex\generic\oberdiek\infware
rr.sty"
Package: infwarerr 2016/05/16 v1.4 Providing info/warning/error messages (HO)
)
("C:\Users\tiffa\AppData\Local\Programs\MiKTeX 2.9\tex\latex\oberdiek\grfext.st
y"
Package: grfext 2016/05/16 v1.2 Manage graphics extensions (HO)

("C:\Users\tiffa\AppData\Local\Programs\MiKTeX 2.9\tex\generic\oberdiek\kvdefin
ekeys.sty"
Package: kvdefinekeys 2016/05/16 v1.4 Define keys (HO)

("C:\Users\tiffa\AppData\Local\Programs\MiKTeX 2.9\tex\generic\oberdiek\ltxcmds
.sty"
Package: ltxcmds 2016/05/16 v1.23 LaTeX kernel commands for general use (HO)
)))
("C:\Users\tiffa\AppData\Local\Programs\MiKTeX 2.9\tex\latex\oberdiek\kvoptions
.sty"
Package: kvoptions 2016/05/16 v3.12 Key value format for package options (HO)

("C:\Users\tiffa\AppData\Local\Programs\MiKTeX 2.9\tex\generic\oberdiek\kvsetke
ys.sty"
Package: kvsetkeys 2016/05/16 v1.17 Key value parser (HO)

("C:\Users\tiffa\AppData\Local\Programs\MiKTeX 2.9\tex\generic\oberdiek\etexcmd
s.sty"
Package: etexcmds 2016/05/16 v1.6 Avoid name clashes with e-TeX commands (HO)

("C:\Users\tiffa\AppData\Local\Programs\MiKTeX 2.9\tex\generic\oberdiek\ifluate
x.sty"
Package: ifluatex 2016/05/16 v1.4 Provides the ifluatex switch (HO)
Package ifluatex Info: LuaTeX not detected.
)
Package etexcmds Info: Could not find \expanded.
(etexcmds)             That can mean that you are not using pdfTeX 1.50 or
(etexcmds)             that some package has redefined \expanded.
(etexcmds)             In the latter case, load this package earlier.
)))
("C:\Users\tiffa\AppData\Local\Programs\MiKTeX 2.9\tex\generic\oberdiek\pdftexc
mds.sty"
Package: pdftexcmds 2018/09/10 v0.29 Utility functions of pdfTeX for LuaTeX (HO
)
Package pdftexcmds Info: LuaTeX not detected.
Package pdftexcmds Info: \pdf@primitive is available.
Package pdftexcmds Info: \pdf@ifprimitive is available.
Package pdftexcmds Info: \pdfdraftmode found.
)
Package epstopdf-base Info: Redefining graphics rule for `.eps' on input line 4
38.
Package grfext Info: Graphics extension search list:
(grfext)             [.pdf,.png,.jpg,.mps,.jpeg,.jbig2,.jb2,.PDF,.PNG,.JPG,.JPE
G,.JBIG2,.JB2,.eps]
(grfext)             \AppendGraphicsExtensions on input line 456.
)
LaTeX Info: Redefining \degres on input line 22.
LaTeX Info: Redefining \dots on input line 22.
Package french.ldf Info: Setting StandardItemizeEnv=true for
(french.ldf)             compatibility with enumitem package,
(french.ldf)             reported on input line 22.
Package french.ldf Info: Setting StandardEnumerateEnv=true for
(french.ldf)             compatibility with enumitem package,
(french.ldf)             reported on input line 22.
LaTeX Info: Redefining \up on input line 22.
Package caption Info: Begin \AtBeginDocument code.
Package caption Info: float package is loaded.
Package caption Info: End \AtBeginDocument code.
 [1

{C:/Users/tiffa/AppData/Local/MiKTeX/2.9/pdftex/config/pdftex.map}] (rapport.to
c
LaTeX Font Info:    Try loading font information for U+msa on input line 5.

("C:\Users\tiffa\AppData\Local\Programs\MiKTeX 2.9\tex\latex\amsfonts\umsa.fd"
File: umsa.fd 2013/01/14 v3.01 AMS symbols A
)
LaTeX Font Info:    Try loading font information for U+msb on input line 5.
("C:\Users\tiffa\AppData\Local\Programs\MiKTeX 2.9\tex\latex\amsfonts\umsb.fd"
File: umsb.fd 2013/01/14 v3.01 AMS symbols B
)
LaTeX Font Info:    Try loading font information for U+rsfs on input line 5.
("C:\Users\tiffa\AppData\Local\Programs\MiKTeX 2.9\tex\latex\jknappen\ursfs.fd"
File: ursfs.fd 1998/03/24 rsfs font definition file (jk)
))
\tf@toc=\write3
\openout3 = `rapport.toc'.

 [1]
Underfull \hbox (badness 10000) in paragraph at lines 58--61

 []


Underfull \hbox (badness 10000) in paragraph at lines 66--69

 []

[2]
Underfull \hbox (badness 10000) in paragraph at lines 98--103

 []


Underfull \hbox (badness 10000) in paragraph at lines 98--103

 []


Underfull \hbox (badness 10000) in paragraph at lines 111--115

 []


Underfull \hbox (badness 10000) in paragraph at lines 123--131

 []


Underfull \hbox (badness 10000) in paragraph at lines 123--131

 []


Underfull \hbox (badness 10000) in paragraph at lines 123--131

 []


Underfull \hbox (badness 10000) in paragraph at lines 134--142

 []


Underfull \hbox (badness 10000) in paragraph at lines 134--142

 []


Underfull \hbox (badness 10000) in paragraph at lines 152--157

 []

[3]
<condition_bord.png, id=29, 438.13687pt x 232.61906pt>
File: condition_bord.png Graphic file (type png)
<use condition_bord.png>
Package pdftex.def Info: condition_bord.png  used on input line 185.
(pdftex.def)             Requested size: 350.50996pt x 186.09549pt.
 [4 <./condition_bord.png>]
<transport_de_polluant.png, id=35, 405.01312pt x 121.20282pt>
File: transport_de_polluant.png Graphic file (type png)
<use transport_de_polluant.png>
Package pdftex.def Info: transport_de_polluant.png  used on input line 196.
(pdftex.def)             Requested size: 405.01212pt x 121.20251pt.

Underfull \hbox (badness 10000) in paragraph at lines 192--199

 []


Underfull \hbox (badness 10000) in paragraph at lines 192--199

 []

<Ki.png, id=36, 247.67531pt x 205.5178pt>
File: Ki.png Graphic file (type png)
<use Ki.png>
Package pdftex.def Info: Ki.png  used on input line 218.
(pdftex.def)             Requested size: 123.83734pt x 102.75865pt.
[5 <./transport_de_polluant.png> <./Ki.png>]
Underfull \hbox (badness 10000) in paragraph at lines 224--227

 []


Underfull \hbox (badness 10000) in paragraph at lines 230--233

 []

<volume_controle.png, id=42, 711.65875pt x 621.32124pt>
File: volume_controle.png Graphic file (type png)
<use volume_controle.png>
Package pdftex.def Info: volume_controle.png  used on input line 243.
(pdftex.def)             Requested size: 142.32922pt x 124.26204pt.
<VF2.png, id=43, 1107.13625pt x 192.72pt>
File: VF2.png Graphic file (type png)
<use VF2.png>
Package pdftex.def Info: VF2.png  used on input line 253.
(pdftex.def)             Requested size: 442.84665pt x 77.08662pt.
[6 <./volume_controle.png>]
<DFGrille.PNG, id=51, 753.5653pt x 534.49687pt>
File: DFGrille.PNG Graphic file (type png)
<use DFGrille.PNG>
Package pdftex.def Info: DFGrille.PNG  used on input line 266.
(pdftex.def)             Requested size: 226.07133pt x 160.3503pt.
 [7 <./VF2.png> <./DFGrille.PNG>]
Underfull \hbox (badness 10000) in paragraph at lines 298--305

 []


Underfull \hbox (badness 10000) in paragraph at lines 298--305

 []


Underfull \hbox (badness 10000) in paragraph at lines 314--320

 []


Underfull \hbox (badness 10000) in paragraph at lines 314--320

 []


Underfull \hbox (badness 10000) in paragraph at lines 322--327

 []

[8]
Underfull \hbox (badness 10000) in paragraph at lines 334--348

 []


Underfull \hbox (badness 10000) in paragraph at lines 334--348

 []


Underfull \hbox (badness 10000) in paragraph at lines 334--348

 []


Underfull \hbox (badness 10000) in paragraph at lines 349--353

 []


Underfull \hbox (badness 10000) in paragraph at lines 365--371

 []

[9]
<cone.png, id=63, 376.40625pt x 238.64156pt>
File: cone.png Graphic file (type png)
<use cone.png>
Package pdftex.def Info: cone.png  used on input line 419.
(pdftex.def)             Requested size: 263.48257pt x 167.04794pt.
 [10]
Underfull \hbox (badness 10000) in paragraph at lines 435--445

 []


Underfull \hbox (badness 10000) in paragraph at lines 435--445

 []


LaTeX Warning: Command \` invalid in math mode on input line 445.

Missing character: There is no è in font cmr8!
[11 <./cone.png>]
Underfull \hbox (badness 10000) in paragraph at lines 487--492

 []


Underfull \hbox (badness 10000) in paragraph at lines 510--514

 []

[12]
Underfull \hbox (badness 10000) in paragraph at lines 541--544

 []


Underfull \hbox (badness 10000) in paragraph at lines 548--560

 []


Underfull \hbox (badness 10000) in paragraph at lines 548--560

 []

[13]
<1D_c1_5000_s1.png, id=77, 462.528pt x 346.896pt>
File: 1D_c1_5000_s1.png Graphic file (type png)
<use 1D_c1_5000_s1.png>
Package pdftex.def Info: 1D_c1_5000_s1.png  used on input line 567.
(pdftex.def)             Requested size: 185.0079pt x 138.75594pt.
<Temp_max_c1_5000_s1.png, id=78, 462.528pt x 346.896pt>
File: Temp_max_c1_5000_s1.png Graphic file (type png)
<use Temp_max_c1_5000_s1.png>
Package pdftex.def Info: Temp_max_c1_5000_s1.png  used on input line 568.
(pdftex.def)             Requested size: 185.0079pt x 138.75594pt.
<1D_c1_5000_s1_init2.png, id=79, 462.528pt x 346.896pt>
File: 1D_c1_5000_s1_init2.png Graphic file (type png)
<use 1D_c1_5000_s1_init2.png>
Package pdftex.def Info: 1D_c1_5000_s1_init2.png  used on input line 576.
(pdftex.def)             Requested size: 185.0079pt x 138.75594pt.
<Temp_max_c1_5000_s1_i2.png, id=80, 462.528pt x 346.896pt>
File: Temp_max_c1_5000_s1_i2.png Graphic file (type png)
<use Temp_max_c1_5000_s1_i2.png>
Package pdftex.def Info: Temp_max_c1_5000_s1_i2.png  used on input line 577.
(pdftex.def)             Requested size: 185.0079pt x 138.75594pt.
<1D_c1_5000_s1_init3.png, id=81, 462.528pt x 346.896pt>
File: 1D_c1_5000_s1_init3.png Graphic file (type png)
<use 1D_c1_5000_s1_init3.png>
Package pdftex.def Info: 1D_c1_5000_s1_init3.png  used on input line 585.
(pdftex.def)             Requested size: 185.0079pt x 138.75594pt.
<Temp_max_c1_5000_s1_i3.png, id=82, 462.528pt x 346.896pt>
File: Temp_max_c1_5000_s1_i3.png Graphic file (type png)
<use Temp_max_c1_5000_s1_i3.png>
Package pdftex.def Info: Temp_max_c1_5000_s1_i3.png  used on input line 586.
(pdftex.def)             Requested size: 185.0079pt x 138.75594pt.
 [14 <./1D_c1_5000_s1.png> <./Temp_max_c1_5000_s1.png> <./1D_c1_5000_s1_init2.p
ng> <./Temp_max_c1_5000_s1_i2.png>]
<1D_c1_5000_s2_init1.png, id=90, 462.528pt x 345.4506pt>
File: 1D_c1_5000_s2_init1.png Graphic file (type png)
<use 1D_c1_5000_s2_init1.png>
Package pdftex.def Info: 1D_c1_5000_s2_init1.png  used on input line 596.
(pdftex.def)             Requested size: 185.0079pt x 138.17778pt.
<Temp_max_c1_5000_s2_i1.png, id=91, 462.528pt x 345.4506pt>
File: Temp_max_c1_5000_s2_i1.png Graphic file (type png)
<use Temp_max_c1_5000_s2_i1.png>
Package pdftex.def Info: Temp_max_c1_5000_s2_i1.png  used on input line 597.
(pdftex.def)             Requested size: 185.0079pt x 138.17778pt.
<1D_c1_5000_s2_init2.png, id=92, 462.528pt x 345.4506pt>
File: 1D_c1_5000_s2_init2.png Graphic file (type png)
<use 1D_c1_5000_s2_init2.png>
Package pdftex.def Info: 1D_c1_5000_s2_init2.png  used on input line 605.
(pdftex.def)             Requested size: 185.0079pt x 138.17778pt.
<Temp_max_c1_5000_s2_i2.png, id=93, 462.528pt x 345.4506pt>
File: Temp_max_c1_5000_s2_i2.png Graphic file (type png)
<use Temp_max_c1_5000_s2_i2.png>
Package pdftex.def Info: Temp_max_c1_5000_s2_i2.png  used on input line 606.
(pdftex.def)             Requested size: 185.0079pt x 138.17778pt.
<1D_c1_5000_s2_init3.png, id=94, 462.528pt x 345.4506pt>
File: 1D_c1_5000_s2_init3.png Graphic file (type png)
<use 1D_c1_5000_s2_init3.png>
Package pdftex.def Info: 1D_c1_5000_s2_init3.png  used on input line 614.
(pdftex.def)             Requested size: 185.0079pt x 138.17778pt.
<1D_c1_5000_s2_i3.png, id=95, 462.528pt x 345.4506pt>
File: 1D_c1_5000_s2_i3.png Graphic file (type png)
<use 1D_c1_5000_s2_i3.png>
Package pdftex.def Info: 1D_c1_5000_s2_i3.png  used on input line 615.
(pdftex.def)             Requested size: 185.0079pt x 138.17778pt.
 [15 <./1D_c1_5000_s1_init3.png> <./Temp_max_c1_5000_s1_i3.png> <./1D_c1_5000_s
2_init1.png> <./Temp_max_c1_5000_s2_i1.png> <./1D_c1_5000_s2_init2.png> <./Temp
_max_c1_5000_s2_i2.png>]
<1D_c1_5000.png, id=105, 462.528pt x 346.896pt>
File: 1D_c1_5000.png Graphic file (type png)
<use 1D_c1_5000.png>
Package pdftex.def Info: 1D_c1_5000.png  used on input line 626.
(pdftex.def)             Requested size: 185.0079pt x 138.75594pt.
<Temp_max_c1_5000.png, id=106, 462.528pt x 346.896pt>
File: Temp_max_c1_5000.png Graphic file (type png)
<use Temp_max_c1_5000.png>
Package pdftex.def Info: Temp_max_c1_5000.png  used on input line 627.
(pdftex.def)             Requested size: 185.0079pt x 138.75594pt.
<1D_c1_5000_init2.png, id=107, 462.528pt x 346.896pt>
File: 1D_c1_5000_init2.png Graphic file (type png)
<use 1D_c1_5000_init2.png>
Package pdftex.def Info: 1D_c1_5000_init2.png  used on input line 636.
(pdftex.def)             Requested size: 185.0079pt x 138.75594pt.
File: Temp_max_c1_5000_s1_i2.png Graphic file (type png)
<use Temp_max_c1_5000_s1_i2.png>
Package pdftex.def Info: Temp_max_c1_5000_s1_i2.png  used on input line 637.
(pdftex.def)             Requested size: 185.0079pt x 138.75594pt.
<1D_c1_5000_init3.png, id=108, 462.528pt x 346.896pt>
File: 1D_c1_5000_init3.png Graphic file (type png)
<use 1D_c1_5000_init3.png>
Package pdftex.def Info: 1D_c1_5000_init3.png  used on input line 646.
(pdftex.def)             Requested size: 185.0079pt x 138.75594pt.
<Temp_max_c1_5000_init3.png, id=109, 462.528pt x 346.896pt>
File: Temp_max_c1_5000_init3.png Graphic file (type png)
<use Temp_max_c1_5000_init3.png>
Package pdftex.def Info: Temp_max_c1_5000_init3.png  used on input line 647.
(pdftex.def)             Requested size: 185.0079pt x 138.75594pt.
 [16 <./1D_c1_5000_s2_init3.png> <./1D_c1_5000_s2_i3.png> <./1D_c1_5000.png> <.
/Temp_max_c1_5000.png> <./1D_c1_5000_init2.png>]
<1D_c1_5000_s5_i1.png, id=118, 462.528pt x 345.4506pt>
File: 1D_c1_5000_s5_i1.png Graphic file (type png)
<use 1D_c1_5000_s5_i1.png>
Package pdftex.def Info: 1D_c1_5000_s5_i1.png  used on input line 657.
(pdftex.def)             Requested size: 185.0079pt x 138.17778pt.
<1D_c1_5000_s5_init1.png, id=119, 462.528pt x 345.4506pt>
File: 1D_c1_5000_s5_init1.png Graphic file (type png)
<use 1D_c1_5000_s5_init1.png>
Package pdftex.def Info: 1D_c1_5000_s5_init1.png  used on input line 658.
(pdftex.def)             Requested size: 185.0079pt x 138.17778pt.
<1D_c1_5000_s5_i2.png, id=120, 462.528pt x 345.4506pt>
File: 1D_c1_5000_s5_i2.png Graphic file (type png)
<use 1D_c1_5000_s5_i2.png>
Package pdftex.def Info: 1D_c1_5000_s5_i2.png  used on input line 666.
(pdftex.def)             Requested size: 185.0079pt x 138.17778pt.
<Temp_max_c1_5000_s5_init2.png, id=121, 462.528pt x 345.4506pt>
File: Temp_max_c1_5000_s5_init2.png Graphic file (type png)
<use Temp_max_c1_5000_s5_init2.png>
Package pdftex.def Info: Temp_max_c1_5000_s5_init2.png  used on input line 667.

(pdftex.def)             Requested size: 185.0079pt x 138.17778pt.
 [17 <./1D_c1_5000_init3.png> <./Temp_max_c1_5000_init3.png> <./1D_c1_5000_s5_i
1.png> <./1D_c1_5000_s5_init1.png> <./1D_c1_5000_s5_i2.png> <./Temp_max_c1_5000
_s5_init2.png>]
<1D_c1_5000_s5_i3.png, id=131, 462.528pt x 345.4506pt>
File: 1D_c1_5000_s5_i3.png Graphic file (type png)
<use 1D_c1_5000_s5_i3.png>
Package pdftex.def Info: 1D_c1_5000_s5_i3.png  used on input line 677.
(pdftex.def)             Requested size: 185.0079pt x 138.17778pt.
<Temp_max_c1_5000_s5_init3.png, id=132, 462.528pt x 345.4506pt>
File: Temp_max_c1_5000_s5_init3.png Graphic file (type png)
<use Temp_max_c1_5000_s5_init3.png>
Package pdftex.def Info: Temp_max_c1_5000_s5_init3.png  used on input line 678.

(pdftex.def)             Requested size: 185.0079pt x 138.17778pt.
<1d_form3d_init2_s1_cfl0-5_exact.png, id=133, 462.528pt x 345.4506pt>
File: 1d_form3d_init2_s1_cfl0-5_exact.png Graphic file (type png)
<use 1d_form3d_init2_s1_cfl0-5_exact.png>
Package pdftex.def Info: 1d_form3d_init2_s1_cfl0-5_exact.png  used on input lin
e 689.
(pdftex.def)             Requested size: 231.26343pt x 172.72487pt.
<1d_form3d_init2_s1_cfl0-5_appro.png, id=134, 462.528pt x 345.4506pt>
File: 1d_form3d_init2_s1_cfl0-5_appro.png Graphic file (type png)
<use 1d_form3d_init2_s1_cfl0-5_appro.png>
Package pdftex.def Info: 1d_form3d_init2_s1_cfl0-5_appro.png  used on input lin
e 690.
(pdftex.def)             Requested size: 231.26343pt x 172.72487pt.
 [18 <./1D_c1_5000_s5_i3.png> <./Temp_max_c1_5000_s5_init3.png> <./1d_form3d_in
it2_s1_cfl0-5_exact.png> <./1d_form3d_init2_s1_cfl0-5_appro.png>]
<erreur_schema1_init1.png, id=143, 462.528pt x 345.4506pt>
File: erreur_schema1_init1.png Graphic file (type png)
<use erreur_schema1_init1.png>
Package pdftex.def Info: erreur_schema1_init1.png  used on input line 704.
(pdftex.def)             Requested size: 185.0079pt x 138.17778pt.
<erreur_schema2_init1.png, id=144, 462.528pt x 345.4506pt>
File: erreur_schema2_init1.png Graphic file (type png)
<use erreur_schema2_init1.png>
Package pdftex.def Info: erreur_schema2_init1.png  used on input line 705.
(pdftex.def)             Requested size: 185.0079pt x 138.17778pt.
<erreur_schema3_init1.png, id=145, 462.528pt x 345.4506pt>
File: erreur_schema3_init1.png Graphic file (type png)
<use erreur_schema3_init1.png>
Package pdftex.def Info: erreur_schema3_init1.png  used on input line 711.
(pdftex.def)             Requested size: 185.0079pt x 138.17778pt.
<erreur_schema5_init1.png, id=146, 462.528pt x 345.4506pt>
File: erreur_schema5_init1.png Graphic file (type png)
<use erreur_schema5_init1.png>
Package pdftex.def Info: erreur_schema5_init1.png  used on input line 712.
(pdftex.def)             Requested size: 185.0079pt x 138.17778pt.
<erreur_schema1_init2.png, id=147, 462.528pt x 345.4506pt>
File: erreur_schema1_init2.png Graphic file (type png)
<use erreur_schema1_init2.png>
Package pdftex.def Info: erreur_schema1_init2.png  used on input line 720.
(pdftex.def)             Requested size: 185.0079pt x 138.17778pt.
<erreur_schema2_init2.png, id=148, 462.528pt x 345.4506pt>
File: erreur_schema2_init2.png Graphic file (type png)
<use erreur_schema2_init2.png>
Package pdftex.def Info: erreur_schema2_init2.png  used on input line 721.
(pdftex.def)             Requested size: 185.0079pt x 138.17778pt.
<erreur_schema3_init2.png, id=149, 462.528pt x 345.4506pt>
File: erreur_schema3_init2.png Graphic file (type png)
<use erreur_schema3_init2.png>
Package pdftex.def Info: erreur_schema3_init2.png  used on input line 727.
(pdftex.def)             Requested size: 185.0079pt x 138.17778pt.
<erreur_schema5_init2.png, id=150, 462.528pt x 345.4506pt>
File: erreur_schema5_init2.png Graphic file (type png)
<use erreur_schema5_init2.png>
Package pdftex.def Info: erreur_schema5_init2.png  used on input line 728.
(pdftex.def)             Requested size: 185.0079pt x 138.17778pt.
 [19 <./erreur_schema1_init1.png> <./erreur_schema2_init1.png> <./erreur_schema
3_init1.png> <./erreur_schema5_init1.png>]
<erreur_schema1_init3.png, id=158, 462.528pt x 345.4506pt>
File: erreur_schema1_init3.png Graphic file (type png)
<use erreur_schema1_init3.png>
Package pdftex.def Info: erreur_schema1_init3.png  used on input line 736.
(pdftex.def)             Requested size: 185.0079pt x 138.17778pt.
<erreur_schema2_init3.png, id=159, 462.528pt x 345.4506pt>
File: erreur_schema2_init3.png Graphic file (type png)
<use erreur_schema2_init3.png>
Package pdftex.def Info: erreur_schema2_init3.png  used on input line 737.
(pdftex.def)             Requested size: 185.0079pt x 138.17778pt.
<erreur_schema3_init3.png, id=160, 462.528pt x 345.4506pt>
File: erreur_schema3_init3.png Graphic file (type png)
<use erreur_schema3_init3.png>
Package pdftex.def Info: erreur_schema3_init3.png  used on input line 743.
(pdftex.def)             Requested size: 185.0079pt x 138.17778pt.
<erreur_schema5_init3.png, id=161, 462.528pt x 345.4506pt>
File: erreur_schema5_init3.png Graphic file (type png)
<use erreur_schema5_init3.png>
Package pdftex.def Info: erreur_schema5_init3.png  used on input line 744.
(pdftex.def)             Requested size: 185.0079pt x 138.17778pt.

[20 <./erreur_schema1_init2.png> <./erreur_schema2_init2.png> <./erreur_schema3
_init2.png> <./erreur_schema5_init2.png> <./erreur_schema1_init3.png> <./erreur
_schema2_init3.png>]
Underfull \hbox (badness 10000) in paragraph at lines 752--758

 []


Underfull \hbox (badness 10000) in paragraph at lines 765--769

 []


Underfull \hbox (badness 10000) in paragraph at lines 774--778

 []


Underfull \hbox (badness 10000) in paragraph at lines 774--778

 []

[21 <./erreur_schema3_init3.png> <./erreur_schema5_init3.png>]
<Approximation_de_la_solution.png, id=176, 462.528pt x 345.4506pt>
File: Approximation_de_la_solution.png Graphic file (type png)
<use Approximation_de_la_solution.png>
Package pdftex.def Info: Approximation_de_la_solution.png  used on input line 8
03.
(pdftex.def)             Requested size: 231.26343pt x 172.72487pt.
<Approximation_de_la_solution-1_discretisation25.png, id=177, 462.528pt x 345.4
506pt>
File: Approximation_de_la_solution-1_discretisation25.png Graphic file (type pn
g)
<use Approximation_de_la_solution-1_discretisation25.png>
Package pdftex.def Info: Approximation_de_la_solution-1_discretisation25.png  u
sed on input line 804.
(pdftex.def)             Requested size: 231.26343pt x 172.72487pt.

Underfull \hbox (badness 10000) in paragraph at lines 797--807

 []

[22 <./Approximation_de_la_solution.png> <./Approximation_de_la_solution-1_disc
retisation25.png>] [23] (rapport.bbl
Underfull \hbox (badness 2134) in paragraph at lines 25--28
[]\T1/cmr/m/n/12 Sophia-Antipolis.  Équa-tions de trans-port, 2006/2007.  https
 ://math.unice.fr/ fra-
 []


Underfull \hbox (badness 6526) in paragraph at lines 30--33
[]\T1/cmr/m/n/12 Université de Lyon Unk-nown.  Schéma d'eu-ler ex-pli-cite.  ht
tp ://math.univ-
 []


Underfull \hbox (badness 10000) in paragraph at lines 40--44
[]\T1/cmr/m/n/12 J.-F.Scheid.  Mé-thodes nu-mé-riques pour la dy-na-mique des f
uides, 2011-2012.
 []

) [24] (rapport.aux)

LaTeX Warning: There were multiply-defined labels.

 ) 
Here is how much of TeX's memory you used:
 6641 strings out of 492970
 100771 string characters out of 3135854
 189950 words of memory out of 3000000
 10334 multiletter control sequences out of 15000+200000
 18524 words of font info for 49 fonts, out of 3000000 for 9000
 1141 hyphenation exceptions out of 8191
 41i,14n,39p,634b,423s stack positions out of 5000i,500n,10000p,200000b,50000s
 <C:\Users\tiffa\AppData\Local\MiKTeX\2.9\fonts\pk\ljfour\jknappen\ec\dpi600\
eccc1200.pk> <C:\Users\tiffa\AppData\Local\MiKTeX\2.9\fonts\pk\ljfour\jknappen\
ec\dpi600\ecbx1440.pk> <C:\Users\tiffa\AppData\Local\MiKTeX\2.9\fonts\pk\ljfour
\jknappen\ec\dpi600\ecrm1200.pk> <C:\Users\tiffa\AppData\Local\MiKTeX\2.9\fonts
\pk\ljfour\jknappen\ec\dpi600\ecbx1200.pk> <C:\Users\tiffa\AppData\Local\MiKTeX
\2.9\fonts\pk\ljfour\jknappen\ec\dpi600\ecbx1728.pk> <C:\Users\tiffa\AppData\Lo
cal\MiKTeX\2.9\fonts\pk\ljfour\jknappen\ec\dpi600\eccc1440.pk> <C:\Users\tiffa\
AppData\Local\MiKTeX\2.9\fonts\pk\ljfour\jknappen\ec\dpi600\ecrm1440.pk> <C:\Us
ers\tiffa\AppData\Local\MiKTeX\2.9\fonts\pk\ljfour\jknappen\ec\dpi600\ecrm1728.
pk> <C:\Users\tiffa\AppData\Local\MiKTeX\2.9\fonts\pk\ljfour\jknappen\ec\dpi600
\ecbx2488.pk><C:/Users/tiffa/AppData/Local/Programs/MiKTeX 2.9/fonts/type1/publ
ic/amsfonts/cm/cmex10.pfb><C:/Users/tiffa/AppData/Local/Programs/MiKTeX 2.9/fon
ts/type1/public/amsfonts/cm/cmmi12.pfb><C:/Users/tiffa/AppData/Local/Programs/M
iKTeX 2.9/fonts/type1/public/amsfonts/cm/cmmi6.pfb><C:/Users/tiffa/AppData/Loca
l/Programs/MiKTeX 2.9/fonts/type1/public/amsfonts/cm/cmmi8.pfb><C:/Users/tiffa/
AppData/Local/Programs/MiKTeX 2.9/fonts/type1/public/amsfonts/cm/cmr12.pfb><C:/
Users/tiffa/AppData/Local/Programs/MiKTeX 2.9/fonts/type1/public/amsfonts/cm/cm
r6.pfb><C:/Users/tiffa/AppData/Local/Programs/MiKTeX 2.9/fonts/type1/public/ams
fonts/cm/cmr8.pfb><C:/Users/tiffa/AppData/Local/Programs/MiKTeX 2.9/fonts/type1
/public/amsfonts/cm/cmsy10.pfb><C:/Users/tiffa/AppData/Local/Programs/MiKTeX 2.
9/fonts/type1/public/amsfonts/cm/cmsy6.pfb><C:/Users/tiffa/AppData/Local/Progra
ms/MiKTeX 2.9/fonts/type1/public/amsfonts/cm/cmsy8.pfb><C:/Users/tiffa/AppData/
Local/Programs/MiKTeX 2.9/fonts/type1/public/amsfonts/symbols/msbm10.pfb>
Output written on rapport.pdf (25 pages, 1826118 bytes).
PDF statistics:
 557 PDF objects out of 1000 (max. 8388607)
 0 named destinations out of 1000 (max. 500000)
 231 words of extra memory for PDF output out of 10000 (max. 10000000)

